
2018-08-07T18:46:30+01:00 [Kryptonite!] info: react-log:i am in createWallet
2018-08-08T11:32:40+01:00 [Kryptonite!] info: react-log:i am in createWallet
2018-08-08T11:32:41+01:00 [Kryptonite!] info: react-log:{"accounts":[{"address":"0x53ABb2a7900368fFDb51bc8631078E95D1659c4E","privateKey":"fe0c9b65b87d0ccda009a9000047ed4a09b5534f11cf51bdf5cc8ca61decc5c6"},{"address":"0x297FB66931ABE8E4269Fd5452CE784165D981E4B","privateKey":"1bc708ab0ef47ff8eb201f6fb89d9bab5d2543be6e59f829821adf67f03238e7"},{"address":"0xA8E501C9A0fE2b9cf45BAfcce03e847ed17D4DFB","privateKey":"60bb10f56db986c8620bc3b72abbec93eb69716a6334e4835d6df9bb4d0011fb"}]}
2018-08-08T11:32:41+01:00 [Kryptonite!] info: react-log:ltljLzY1ZMwwMlIUCc8iqFLyAy7sCZ7VlnwNAAzsYHo=
2018-08-08T11:51:36+01:00 [Kryptonite!] info: react-log:i am in createWallet
2018-08-08T11:51:36+01:00 [Kryptonite!] info: react-log:[{"address":"0x53ABb2a7900368fFDb51bc8631078E95D1659c4E","index":0,"privateKey":"fe0c9b65b87d0ccda009a9000047ed4a09b5534f11cf51bdf5cc8ca61decc5c6"},{"address":"0x297FB66931ABE8E4269Fd5452CE784165D981E4B","index":1,"privateKey":"1bc708ab0ef47ff8eb201f6fb89d9bab5d2543be6e59f829821adf67f03238e7"},{"address":"0xA8E501C9A0fE2b9cf45BAfcce03e847ed17D4DFB","index":2,"privateKey":"60bb10f56db986c8620bc3b72abbec93eb69716a6334e4835d6df9bb4d0011fb"}]
2018-08-08T11:51:36+01:00 [Kryptonite!] info: react-log:ltljLzY1ZMwwMlIUCc8iqFLyAy7sCZ7VlnwNAAzsYHo=
2018-08-08T11:52:29+01:00 [Kryptonite!] info: react-log:i am in createWallet
2018-08-08T11:52:30+01:00 [Kryptonite!] info: react-log:[{"address":"0x53ABb2a7900368fFDb51bc8631078E95D1659c4E","index":0,"privateKey":"fe0c9b65b87d0ccda009a9000047ed4a09b5534f11cf51bdf5cc8ca61decc5c6"},{"address":"0x297FB66931ABE8E4269Fd5452CE784165D981E4B","index":1,"privateKey":"1bc708ab0ef47ff8eb201f6fb89d9bab5d2543be6e59f829821adf67f03238e7"},{"address":"0xA8E501C9A0fE2b9cf45BAfcce03e847ed17D4DFB","index":2,"privateKey":"60bb10f56db986c8620bc3b72abbec93eb69716a6334e4835d6df9bb4d0011fb"}]
2018-08-08T11:52:30+01:00 [Kryptonite!] info: react-log:ltljLzY1ZMwwMlIUCc8iqFLyAy7sCZ7VlnwNAAzsYHo=
2018-08-08T11:55:05+01:00 [Kryptonite!] info: react-log:i am in createWallet
2018-08-08T11:55:05+01:00 [Kryptonite!] info: react-log:[{"address":"0x53ABb2a7900368fFDb51bc8631078E95D1659c4E","index":0,"privateKey":"fe0c9b65b87d0ccda009a9000047ed4a09b5534f11cf51bdf5cc8ca61decc5c6"},{"address":"0x297FB66931ABE8E4269Fd5452CE784165D981E4B","index":1,"privateKey":"1bc708ab0ef47ff8eb201f6fb89d9bab5d2543be6e59f829821adf67f03238e7"},{"address":"0xA8E501C9A0fE2b9cf45BAfcce03e847ed17D4DFB","index":2,"privateKey":"60bb10f56db986c8620bc3b72abbec93eb69716a6334e4835d6df9bb4d0011fb"}]
2018-08-08T11:55:05+01:00 [Kryptonite!] info: react-log:ltljLzY1ZMwwMlIUCc8iqFLyAy7sCZ7VlnwNAAzsYHo=
2018-08-08T11:55:05+01:00 [Kryptonite!] info: react-log:thumb endorse long exclude increase marble obey sorry chalk increase field like
2018-08-08T11:56:35+01:00 [Kryptonite!] info: react-log:i am in createWallet
2018-08-08T11:56:36+01:00 [Kryptonite!] info: react-log:[{"address":"0x53ABb2a7900368fFDb51bc8631078E95D1659c4E","index":0,"privateKey":"fe0c9b65b87d0ccda009a9000047ed4a09b5534f11cf51bdf5cc8ca61decc5c6"},{"address":"0x297FB66931ABE8E4269Fd5452CE784165D981E4B","index":1,"privateKey":"1bc708ab0ef47ff8eb201f6fb89d9bab5d2543be6e59f829821adf67f03238e7"},{"address":"0xA8E501C9A0fE2b9cf45BAfcce03e847ed17D4DFB","index":2,"privateKey":"60bb10f56db986c8620bc3b72abbec93eb69716a6334e4835d6df9bb4d0011fb"}]
2018-08-08T11:56:36+01:00 [Kryptonite!] info: react-log:ltljLzY1ZMwwMlIUCc8iqFLyAy7sCZ7VlnwNAAzsYHo=
2018-08-08T11:56:36+01:00 [Kryptonite!] info: react-log:string
2018-08-08T11:58:34+01:00 [Kryptonite!] info: react-log:i am in createWallet
2018-08-08T11:58:34+01:00 [Kryptonite!] info: react-log:[{"address":"0x53ABb2a7900368fFDb51bc8631078E95D1659c4E","index":0,"privateKey":"fe0c9b65b87d0ccda009a9000047ed4a09b5534f11cf51bdf5cc8ca61decc5c6"},{"address":"0x297FB66931ABE8E4269Fd5452CE784165D981E4B","index":1,"privateKey":"1bc708ab0ef47ff8eb201f6fb89d9bab5d2543be6e59f829821adf67f03238e7"},{"address":"0xA8E501C9A0fE2b9cf45BAfcce03e847ed17D4DFB","index":2,"privateKey":"60bb10f56db986c8620bc3b72abbec93eb69716a6334e4835d6df9bb4d0011fb"}]
2018-08-08T11:58:34+01:00 [Kryptonite!] info: react-log:ltljLzY1ZMwwMlIUCc8iqFLyAy7sCZ7VlnwNAAzsYHo=
2018-08-08T11:58:34+01:00 [Kryptonite!] info: react-log:string
2018-08-08T11:58:34+01:00 [Kryptonite!] info: react-log:future video sound off bounce cost abandon hungry job trophy upper vivid
2018-08-08T13:10:42+01:00 [Kryptonite!] info: react-log:{}
2018-08-08T13:12:25+01:00 [Kryptonite!] info: react-log:i am in createWallet
2018-08-08T13:12:37+01:00 [Kryptonite!] info: react-log:{}
2018-08-08T13:13:43+01:00 [Kryptonite!] info: react-log:i am in createWallet
2018-08-08T13:14:06+01:00 [Kryptonite!] info: react-log:null
2018-08-08T13:26:19+01:00 [Kryptonite!] info: react-log:i am in createWallet
2018-08-08T13:49:55+01:00 [Kryptonite!] info: react-log:{}
2018-08-08T14:01:32+01:00 [Kryptonite!] info: react-log:{}
2018-08-08T14:08:07+01:00 [Kryptonite!] info: react-log:{}
2018-08-08T14:45:49+01:00 [Kryptonite!] info: Added Extension:  React Developer Tools
2018-08-08T14:45:56+01:00 [Kryptonite!] info: react-log:{}
2018-08-08T15:08:44+01:00 [Kryptonite!] info: react-log:{}
2018-08-08T15:13:51+01:00 [Kryptonite!] info: react-log:{"history":{"action":"POP","length":10,"location":{"hash":"","pathname":"/","search":""}},"location":{"hash":"","pathname":"/","search":""},"match":{"isExact":true,"params":{},"path":"/","url":"/"}}
2018-08-08T15:17:25+01:00 [Kryptonite!] info: react-log:{"history":{"action":"POP","length":11,"location":{"hash":"","pathname":"/","search":""}},"location":{"hash":"","pathname":"/","search":""},"match":{"isExact":true,"params":{},"path":"/","url":"/"}}
2018-08-11T13:36:15+01:00 [Kryptonite!] info: Added Extension:  React Developer Tools
2018-08-11T13:36:41+01:00 [Kryptonite!] info: react-log:{"history":{"action":"POP","length":1,"location":{"hash":"","pathname":"/","search":""}},"location":{"hash":"","pathname":"/","search":""},"match":{"isExact":true,"params":{},"path":"/","url":"/"}}
2018-08-11T13:36:46+01:00 [Kryptonite!] info: react-log:i am in createWallest
2018-08-11T15:20:37+01:00 [Kryptonite!] info: react-log:{"history":{"action":"PUSH","length":20,"location":{"hash":"","key":"h9tz2h","pathname":"/","search":""}},"location":{"hash":"","key":"h9tz2h","pathname":"/","search":""},"match":{"isExact":true,"params":{},"path":"/","url":"/"}}
2018-08-11T15:20:49+01:00 [Kryptonite!] info: react-log:i am in createWallest
2018-08-11T16:25:02+01:00 [Kryptonite!] info: Added Extension:  React Developer Tools
2018-08-11T16:27:12+01:00 [Kryptonite!] info: react-log:{"history":{"action":"POP","length":1,"location":{"hash":"","pathname":"/","search":""}},"location":{"hash":"","pathname":"/","search":""},"match":{"isExact":true,"params":{},"path":"/","url":"/"}}
2018-08-11T16:42:07+01:00 [Kryptonite!] info: react-log:i am in createWallest
2018-08-11T17:01:40+01:00 [Kryptonite!] info: Added Extension:  React Developer Tools
2018-08-11T17:02:34+01:00 [Kryptonite!] info: react-log:{"history":{"action":"POP","length":1,"location":{"hash":"","pathname":"/","search":""}},"location":{"hash":"","pathname":"/","search":""},"match":{"isExact":true,"params":{},"path":"/","url":"/"}}
2018-08-11T17:02:40+01:00 [Kryptonite!] info: react-log:i am in createWallest
2018-08-11T22:05:49+01:00 [Kryptonite!] info: Added Extension:  React Developer Tools
2018-08-11T22:06:38+01:00 [Kryptonite!] info: react-log:i am in createWallest
2018-08-11T22:10:45+01:00 [Kryptonite!] info: react-log:click wanna play
2018-08-11T22:12:32+01:00 [Kryptonite!] info: react-log:click wanna play again
2018-08-11T22:12:32+01:00 [Kryptonite!] info: react-log:1
2018-08-11T22:12:39+01:00 [Kryptonite!] info: react-log:click wanna play again
2018-08-11T22:12:39+01:00 [Kryptonite!] info: react-log:1
2018-08-11T22:24:38+01:00 [Kryptonite!] info: react-log:click wanna play again
2018-08-11T22:24:38+01:00 [Kryptonite!] info: react-log:wallet
2018-08-11T22:24:39+01:00 [Kryptonite!] info: react-log:click wanna play again
2018-08-11T22:24:39+01:00 [Kryptonite!] info: react-log:topic
2018-08-11T22:26:36+01:00 [Kryptonite!] info: react-log:click wanna play again
2018-08-11T22:26:36+01:00 [Kryptonite!] info: react-log:wallet
2018-08-11T22:26:39+01:00 [Kryptonite!] info: react-log:click wanna play again
2018-08-11T22:26:39+01:00 [Kryptonite!] info: react-log:topic
2018-08-11T22:27:21+01:00 [Kryptonite!] info: react-log:click wanna play again
2018-08-11T22:27:21+01:00 [Kryptonite!] info: react-log:topic
2018-08-11T22:27:22+01:00 [Kryptonite!] info: react-log:click wanna play again
2018-08-11T22:27:22+01:00 [Kryptonite!] info: react-log:wallet
2018-08-11T22:39:23+01:00 [Kryptonite!] info: react-log:click wanna play again
2018-08-11T22:39:23+01:00 [Kryptonite!] info: react-log:topic
2018-08-11T22:41:34+01:00 [Kryptonite!] info: react-log:click wanna play again
2018-08-11T22:41:34+01:00 [Kryptonite!] info: react-log:topic
2018-08-11T22:41:35+01:00 [Kryptonite!] info: react-log:click wanna play again
2018-08-11T22:41:35+01:00 [Kryptonite!] info: react-log:wallet
2018-08-11T22:51:47+01:00 [Kryptonite!] info: react-log:click wanna play again
2018-08-11T22:51:47+01:00 [Kryptonite!] info: react-log:wallet
2018-08-11T22:51:49+01:00 [Kryptonite!] info: react-log:click wanna play again
2018-08-11T22:51:49+01:00 [Kryptonite!] info: react-log:topic
2018-08-11T22:53:48+01:00 [Kryptonite!] info: react-log:click wanna play again
2018-08-11T22:53:48+01:00 [Kryptonite!] info: react-log:topic
2018-08-11T22:53:49+01:00 [Kryptonite!] info: react-log:click wanna play again
2018-08-11T22:53:49+01:00 [Kryptonite!] info: react-log:wallet
2018-08-11T22:54:20+01:00 [Kryptonite!] info: react-log:click wanna play again
2018-08-11T22:54:20+01:00 [Kryptonite!] info: react-log:topic
2018-08-11T22:55:26+01:00 [Kryptonite!] info: Added Extension:  React Developer Tools
2018-08-11T22:58:05+01:00 [Kryptonite!] info: react-log:i am in createWallest
2018-08-11T22:58:34+01:00 [Kryptonite!] info: react-log:click wanna play again
2018-08-11T22:58:34+01:00 [Kryptonite!] info: react-log:wallet
2018-08-11T22:58:37+01:00 [Kryptonite!] info: react-log:click wanna play again
2018-08-11T22:58:37+01:00 [Kryptonite!] info: react-log:topic
2018-08-11T22:58:39+01:00 [Kryptonite!] info: react-log:click wanna play again
2018-08-11T22:58:39+01:00 [Kryptonite!] info: react-log:topic
2018-08-11T22:58:40+01:00 [Kryptonite!] info: react-log:click wanna play again
2018-08-11T22:58:40+01:00 [Kryptonite!] info: react-log:wallet
2018-08-11T23:05:22+01:00 [Kryptonite!] info: react-log:click wanna play again
2018-08-11T23:05:22+01:00 [Kryptonite!] info: react-log:wallet
2018-08-11T23:05:28+01:00 [Kryptonite!] info: react-log:click wanna play again
2018-08-11T23:05:28+01:00 [Kryptonite!] info: react-log:wallet
2018-08-11T23:07:36+01:00 [Kryptonite!] info: Added Extension:  React Developer Tools
2018-08-11T23:08:12+01:00 [Kryptonite!] info: react-log:i am in createWallest
2018-08-11T23:08:16+01:00 [Kryptonite!] info: react-log:click wanna play again
2018-08-11T23:08:16+01:00 [Kryptonite!] info: react-log:wallet
2018-08-11T23:08:17+01:00 [Kryptonite!] info: react-log:click wanna play again
2018-08-11T23:08:17+01:00 [Kryptonite!] info: react-log:topic
2018-08-11T23:08:20+01:00 [Kryptonite!] info: react-log:click wanna play again
2018-08-11T23:08:20+01:00 [Kryptonite!] info: react-log:wallet
2018-08-11T23:08:21+01:00 [Kryptonite!] info: react-log:click wanna play again
2018-08-11T23:08:21+01:00 [Kryptonite!] info: react-log:topic
2018-08-11T23:08:22+01:00 [Kryptonite!] info: react-log:click wanna play again
2018-08-11T23:08:22+01:00 [Kryptonite!] info: react-log:wallet
2018-08-11T23:08:23+01:00 [Kryptonite!] info: react-log:click wanna play again
2018-08-11T23:08:23+01:00 [Kryptonite!] info: react-log:topic
2018-08-11T23:10:46+01:00 [Kryptonite!] info: react-log:click wanna play again
2018-08-11T23:10:46+01:00 [Kryptonite!] info: react-log:topic
2018-08-11T23:10:48+01:00 [Kryptonite!] info: react-log:click wanna play again
2018-08-11T23:10:48+01:00 [Kryptonite!] info: react-log:wallet
2018-08-11T23:10:49+01:00 [Kryptonite!] info: react-log:click wanna play again
2018-08-11T23:10:49+01:00 [Kryptonite!] info: react-log:topic
2018-08-11T23:10:51+01:00 [Kryptonite!] info: react-log:click wanna play again
2018-08-11T23:10:51+01:00 [Kryptonite!] info: react-log:topic
2018-08-11T23:10:52+01:00 [Kryptonite!] info: react-log:click wanna play again
2018-08-11T23:10:52+01:00 [Kryptonite!] info: react-log:wallet
2018-08-11T23:10:53+01:00 [Kryptonite!] info: react-log:click wanna play again
2018-08-11T23:10:53+01:00 [Kryptonite!] info: react-log:topic
2018-08-11T23:11:13+01:00 [Kryptonite!] info: react-log:click wanna play again
2018-08-11T23:11:13+01:00 [Kryptonite!] info: react-log:wallet
2018-08-11T23:11:14+01:00 [Kryptonite!] info: react-log:click wanna play again
2018-08-11T23:11:14+01:00 [Kryptonite!] info: react-log:topic
2018-08-11T23:11:44+01:00 [Kryptonite!] info: react-log:click wanna play again
2018-08-11T23:11:44+01:00 [Kryptonite!] info: react-log:wallet
2018-08-11T23:11:45+01:00 [Kryptonite!] info: react-log:click wanna play again
2018-08-11T23:11:45+01:00 [Kryptonite!] info: react-log:topic
2018-08-11T23:11:48+01:00 [Kryptonite!] info: react-log:click wanna play again
2018-08-11T23:11:48+01:00 [Kryptonite!] info: react-log:wallet
2018-08-11T23:11:49+01:00 [Kryptonite!] info: react-log:click wanna play again
2018-08-11T23:11:49+01:00 [Kryptonite!] info: react-log:topic
